Toucan 3.0.4    23:26:45
Date: 2013-06-26
Computer Name: EVAN
Operating System: Windows NT 6.2 (build 9200), 64-bit edition

Documentos
Imagens
Músicas
Programas
Vídeos
Repositório
Downloads
RemovidoG:\Backup\Downloads\Software\astah_community\api\en\doc\javadoc\com\change_vision\jude\api\inf\editor\
RemovidoG:\Backup\Downloads\Software\astah_community\api\en\doc\javadoc\com\change_vision\jude\api\inf\exception\
RemovidoG:\Backup\Downloads\Software\astah_community\api\en\doc\javadoc\com\change_vision\jude\api\inf\model\
RemovidoG:\Backup\Downloads\Software\astah_community\api\en\doc\javadoc\com\change_vision\jude\api\inf\
RemovidoG:\Backup\Downloads\Software\astah_community\api\en\doc\javadoc\com\change_vision\jude\api\
RemovidoG:\Backup\Downloads\Software\astah_community\api\en\doc\javadoc\com\change_vision\jude\
RemovidoG:\Backup\Downloads\Software\astah_community\api\en\doc\javadoc\com\change_vision\
RemovidoG:\Backup\Downloads\Software\astah_community\api\en\doc\javadoc\com\
RemovidoG:\Backup\Downloads\Software\astah_community\api\en\doc\javadoc\
RemovidoG:\Backup\Downloads\Software\astah_community\api\en\doc\
RemovidoG:\Backup\Downloads\Software\astah_community\api\en\
RemovidoG:\Backup\Downloads\Software\astah_community\api\
RemovidoG:\Backup\Downloads\Software\astah_community\
CopiadoD:\Downloads\Software\fdminst.exe
CopiadoD:\Downloads\Software\fiddler4setup.exe
RemovidoG:\Backup\Downloads\Software\mysql-connector-c-noinstall-6.0.2-win32\bin\
RemovidoG:\Backup\Downloads\Software\mysql-connector-c-noinstall-6.0.2-win32\include\atomic\
RemovidoG:\Backup\Downloads\Software\mysql-connector-c-noinstall-6.0.2-win32\include\mysys\
RemovidoG:\Backup\Downloads\Software\mysql-connector-c-noinstall-6.0.2-win32\include\
RemovidoG:\Backup\Downloads\Software\mysql-connector-c-noinstall-6.0.2-win32\lib\
RemovidoG:\Backup\Downloads\Software\mysql-connector-c-noinstall-6.0.2-win32\
CopiadoD:\Downloads\Software\rtmpdump-2.4-git-010913-windows.zip
CopiadoD:\Downloads\Software\rtmpdumphelper.zip
RemovidoG:\Backup\Downloads\appservices-android-template-apigee\.idea\copyright\
RemovidoG:\Backup\Downloads\appservices-android-template-apigee\.idea\scopes\
RemovidoG:\Backup\Downloads\appservices-android-template-apigee\.idea\
RemovidoG:\Backup\Downloads\appservices-android-template-apigee\gen\com\apigee\appservices\android_template\
RemovidoG:\Backup\Downloads\appservices-android-template-apigee\gen\com\apigee\appservices\
RemovidoG:\Backup\Downloads\appservices-android-template-apigee\gen\com\apigee\
RemovidoG:\Backup\Downloads\appservices-android-template-apigee\gen\com\
RemovidoG:\Backup\Downloads\appservices-android-template-apigee\gen\
RemovidoG:\Backup\Downloads\appservices-android-template-apigee\libs\
RemovidoG:\Backup\Downloads\appservices-android-template-apigee\out\production\appservices-android-template-apigee\com\apigee\appservices\android_template\
RemovidoG:\Backup\Downloads\appservices-android-template-apigee\out\production\appservices-android-template-apigee\com\apigee\appservices\
RemovidoG:\Backup\Downloads\appservices-android-template-apigee\out\production\appservices-android-template-apigee\com\apigee\
RemovidoG:\Backup\Downloads\appservices-android-template-apigee\out\production\appservices-android-template-apigee\com\
RemovidoG:\Backup\Downloads\appservices-android-template-apigee\out\production\appservices-android-template-apigee\
RemovidoG:\Backup\Downloads\appservices-android-template-apigee\out\production\
RemovidoG:\Backup\Downloads\appservices-android-template-apigee\out\
RemovidoG:\Backup\Downloads\appservices-android-template-apigee\res\drawable-hdpi\
RemovidoG:\Backup\Downloads\appservices-android-template-apigee\res\drawable-mdpi\
RemovidoG:\Backup\Downloads\appservices-android-template-apigee\res\drawable-xhdpi\
RemovidoG:\Backup\Downloads\appservices-android-template-apigee\res\drawable-xxhdpi\
RemovidoG:\Backup\Downloads\appservices-android-template-apigee\res\layout\
RemovidoG:\Backup\Downloads\appservices-android-template-apigee\res\values\
RemovidoG:\Backup\Downloads\appservices-android-template-apigee\res\values-sw600dp\
RemovidoG:\Backup\Downloads\appservices-android-template-apigee\res\values-sw720dp-land\
RemovidoG:\Backup\Downloads\appservices-android-template-apigee\res\values-v11\
RemovidoG:\Backup\Downloads\appservices-android-template-apigee\res\values-v14\
RemovidoG:\Backup\Downloads\appservices-android-template-apigee\res\
RemovidoG:\Backup\Downloads\appservices-android-template-apigee\src\com\apigee\appservices\android_template\
RemovidoG:\Backup\Downloads\appservices-android-template-apigee\src\com\apigee\appservices\
RemovidoG:\Backup\Downloads\appservices-android-template-apigee\src\com\apigee\
RemovidoG:\Backup\Downloads\appservices-android-template-apigee\src\com\
RemovidoG:\Backup\Downloads\appservices-android-template-apigee\src\
RemovidoG:\Backup\Downloads\appservices-android-template-apigee\
RemovidoG:\Backup\Downloads\astah_community\api\en\doc\javadoc\com\change_vision\jude\api\inf\editor\
RemovidoG:\Backup\Downloads\astah_community\api\en\doc\javadoc\com\change_vision\jude\api\inf\exception\
RemovidoG:\Backup\Downloads\astah_community\api\en\doc\javadoc\com\change_vision\jude\api\inf\model\
RemovidoG:\Backup\Downloads\astah_community\api\en\doc\javadoc\com\change_vision\jude\api\inf\net\
RemovidoG:\Backup\Downloads\astah_community\api\en\doc\javadoc\com\change_vision\jude\api\inf\presentation\
RemovidoG:\Backup\Downloads\astah_community\api\en\doc\javadoc\com\change_vision\jude\api\inf\project\
RemovidoG:\Backup\Downloads\astah_community\api\en\doc\javadoc\com\change_vision\jude\api\inf\system\
RemovidoG:\Backup\Downloads\astah_community\api\en\doc\javadoc\com\change_vision\jude\api\inf\ui\
RemovidoG:\Backup\Downloads\astah_community\api\en\doc\javadoc\com\change_vision\jude\api\inf\view\
RemovidoG:\Backup\Downloads\astah_community\api\en\doc\javadoc\com\change_vision\jude\api\inf\
RemovidoG:\Backup\Downloads\astah_community\api\en\doc\javadoc\com\change_vision\jude\api\
RemovidoG:\Backup\Downloads\astah_community\api\en\doc\javadoc\com\change_vision\jude\
RemovidoG:\Backup\Downloads\astah_community\api\en\doc\javadoc\com\change_vision\
RemovidoG:\Backup\Downloads\astah_community\api\en\doc\javadoc\com\
RemovidoG:\Backup\Downloads\astah_community\api\en\doc\javadoc\images\
RemovidoG:\Backup\Downloads\astah_community\api\en\doc\javadoc\java\awt\dnd\
RemovidoG:\Backup\Downloads\astah_community\api\en\doc\javadoc\java\awt\geom\
RemovidoG:\Backup\Downloads\astah_community\api\en\doc\javadoc\java\awt\
RemovidoG:\Backup\Downloads\astah_community\api\en\doc\javadoc\java\io\
RemovidoG:\Backup\Downloads\astah_community\api\en\doc\javadoc\java\lang\
RemovidoG:\Backup\Downloads\astah_community\api\en\doc\javadoc\java\net\
RemovidoG:\Backup\Downloads\astah_community\api\en\doc\javadoc\java\util\
RemovidoG:\Backup\Downloads\astah_community\api\en\doc\javadoc\java\
RemovidoG:\Backup\Downloads\astah_community\api\en\doc\javadoc\javax\swing\
RemovidoG:\Backup\Downloads\astah_community\api\en\doc\javadoc\javax\
RemovidoG:\Backup\Downloads\astah_community\api\en\doc\javadoc\resources\
RemovidoG:\Backup\Downloads\astah_community\api\en\doc\javadoc\
RemovidoG:\Backup\Downloads\astah_community\api\en\doc\png\
RemovidoG:\Backup\Downloads\astah_community\api\en\doc\
RemovidoG:\Backup\Downloads\astah_community\api\en\
RemovidoG:\Backup\Downloads\astah_community\api\ja\doc\javadoc\com\change_vision\jude\api\inf\editor\
RemovidoG:\Backup\Downloads\astah_community\api\ja\doc\javadoc\com\change_vision\jude\api\inf\exception\
RemovidoG:\Backup\Downloads\astah_community\api\ja\doc\javadoc\com\change_vision\jude\api\inf\model\
RemovidoG:\Backup\Downloads\astah_community\api\ja\doc\javadoc\com\change_vision\jude\api\inf\net\
RemovidoG:\Backup\Downloads\astah_community\api\ja\doc\javadoc\com\change_vision\jude\api\inf\presentation\
RemovidoG:\Backup\Downloads\astah_community\api\ja\doc\javadoc\com\change_vision\jude\api\inf\project\
RemovidoG:\Backup\Downloads\astah_community\api\ja\doc\javadoc\com\change_vision\jude\api\inf\system\
RemovidoG:\Backup\Downloads\astah_community\api\ja\doc\javadoc\com\change_vision\jude\api\inf\ui\
RemovidoG:\Backup\Downloads\astah_community\api\ja\doc\javadoc\com\change_vision\jude\api\inf\view\
RemovidoG:\Backup\Downloads\astah_community\api\ja\doc\javadoc\com\change_vision\jude\api\inf\
RemovidoG:\Backup\Downloads\astah_community\api\ja\doc\javadoc\com\change_vision\jude\api\
RemovidoG:\Backup\Downloads\astah_community\api\ja\doc\javadoc\com\change_vision\jude\
RemovidoG:\Backup\Downloads\astah_community\api\ja\doc\javadoc\com\change_vision\
RemovidoG:\Backup\Downloads\astah_community\api\ja\doc\javadoc\com\
RemovidoG:\Backup\Downloads\astah_community\api\ja\doc\javadoc\images\
RemovidoG:\Backup\Downloads\astah_community\api\ja\doc\javadoc\java\awt\dnd\
RemovidoG:\Backup\Downloads\astah_community\api\ja\doc\javadoc\java\awt\geom\
RemovidoG:\Backup\Downloads\astah_community\api\ja\doc\javadoc\java\awt\
RemovidoG:\Backup\Downloads\astah_community\api\ja\doc\javadoc\java\io\
RemovidoG:\Backup\Downloads\astah_community\api\ja\doc\javadoc\java\lang\
RemovidoG:\Backup\Downloads\astah_community\api\ja\doc\javadoc\java\net\
RemovidoG:\Backup\Downloads\astah_community\api\ja\doc\javadoc\java\util\
RemovidoG:\Backup\Downloads\astah_community\api\ja\doc\javadoc\java\
RemovidoG:\Backup\Downloads\astah_community\api\ja\doc\javadoc\javax\swing\
RemovidoG:\Backup\Downloads\astah_community\api\ja\doc\javadoc\javax\
RemovidoG:\Backup\Downloads\astah_community\api\ja\doc\javadoc\resources\
RemovidoG:\Backup\Downloads\astah_community\api\ja\doc\javadoc\
RemovidoG:\Backup\Downloads\astah_community\api\ja\doc\png\
RemovidoG:\Backup\Downloads\astah_community\api\ja\doc\
RemovidoG:\Backup\Downloads\astah_community\api\ja\
RemovidoG:\Backup\Downloads\astah_community\api\sample\csvexporter\
RemovidoG:\Backup\Downloads\astah_community\api\sample\simpleRead\
RemovidoG:\Backup\Downloads\astah_community\api\sample\
RemovidoG:\Backup\Downloads\astah_community\api\
RemovidoG:\Backup\Downloads\astah_community\lib\
RemovidoG:\Backup\Downloads\astah_community\plugins\
RemovidoG:\Backup\Downloads\astah_community\template\project\
RemovidoG:\Backup\Downloads\astah_community\template\
RemovidoG:\Backup\Downloads\astah_community\
CopiadoD:\Downloads\rtmpdumphelper\RTMPDumpHelper.cfg
Elapsed: 00:01:32
Terminado    23:28:17
